{"/Users/venkatanarayananv/Movies/poc/interview/rakbank/app/(tabs)/home.tsx": {"path":"/Users/venkatanarayananv/Movies/poc/interview/rakbank/app/(tabs)/home.tsx","statementMap":{"0":{"start":{"line":9,"column":2},"end":{"line":31,"column":4}},"1":{"start":{"line":34,"column":15},"end":{"line":52,"column":2}}},"fnMap":{"0":{"name":"HomeScreen","decl":{"start":{"line":7,"column":24},"end":{"line":7,"column":34}},"loc":{"start":{"line":7,"column":37},"end":{"line":32,"column":1}},"line":7}},"branchMap":{},"s":{"0":7,"1":1},"f":{"0":7},"b":{},"_coverageSchema":"1a1c01bbd47fc00a2c39e90264f33305004495a9","hash":"e095b768c73bb74c6a38d51bac200990f6ba61c1"}
,"/Users/venkatanarayananv/Movies/poc/interview/rakbank/app/service/api-service.tsx": {"path":"/Users/venkatanarayananv/Movies/poc/interview/rakbank/app/service/api-service.tsx","statementMap":{"0":{"start":{"line":1,"column":16},"end":{"line":1,"column":39}},"1":{"start":{"line":3,"column":12},"end":{"line":10,"column":1}},"2":{"start":{"line":5,"column":8},"end":{"line":7,"column":9}},"3":{"start":{"line":6,"column":12},"end":{"line":6,"column":43}},"4":{"start":{"line":8,"column":8},"end":{"line":8,"column":33}}},"fnMap":{"0":{"name":"(anonymous_0)","decl":{"start":{"line":4,"column":11},"end":{"line":4,"column":12}},"loc":{"start":{"line":4,"column":25},"end":{"line":9,"column":5}},"line":4}},"branchMap":{"0":{"loc":{"start":{"line":5,"column":8},"end":{"line":7,"column":9}},"type":"if","locations":[{"start":{"line":5,"column":8},"end":{"line":7,"column":9}},{"start":{},"end":{}}],"line":5}},"s":{"0":1,"1":1,"2":2,"3":1,"4":1},"f":{"0":2},"b":{"0":[1,1]},"_coverageSchema":"1a1c01bbd47fc00a2c39e90264f33305004495a9","hash":"a36acb53bbd43170fa8ba9f5adf9d6c601ded824"}
,"/Users/venkatanarayananv/Movies/poc/interview/rakbank/assets/images/rakbank.png": {"path":"/Users/venkatanarayananv/Movies/poc/interview/rakbank/assets/images/rakbank.png","statementMap":{"0":{"start":{"line":1,"column":0},"end":{"line":4,"column":6}}},"fnMap":{},"branchMap":{},"s":{"0":1},"f":{},"b":{},"_coverageSchema":"1a1c01bbd47fc00a2c39e90264f33305004495a9","hash":"3473a5fa2a6266ce5b267a0a81e6fe858b5cf7bb"}
,"/Users/venkatanarayananv/Movies/poc/interview/rakbank/assets/images/success.png": {"path":"/Users/venkatanarayananv/Movies/poc/interview/rakbank/assets/images/success.png","statementMap":{"0":{"start":{"line":1,"column":0},"end":{"line":4,"column":6}}},"fnMap":{},"branchMap":{},"s":{"0":1},"f":{},"b":{},"_coverageSchema":"1a1c01bbd47fc00a2c39e90264f33305004495a9","hash":"71b6eff4115734ba43233b6a71da8d5fff36d46f"}
,"/Users/venkatanarayananv/Movies/poc/interview/rakbank/components/ThemedText.tsx": {"path":"/Users/venkatanarayananv/Movies/poc/interview/rakbank/components/ThemedText.tsx","statementMap":{"0":{"start":{"line":18,"column":16},"end":{"line":18,"column":77}},"1":{"start":{"line":20,"column":2},"end":{"line":33,"column":4}},"2":{"start":{"line":36,"column":15},"end":{"line":60,"column":2}}},"fnMap":{"0":{"name":"ThemedText","decl":{"start":{"line":11,"column":16},"end":{"line":11,"column":26}},"loc":{"start":{"line":17,"column":20},"end":{"line":34,"column":1}},"line":17}},"branchMap":{"0":{"loc":{"start":{"line":15,"column":2},"end":{"line":15,"column":18}},"type":"default-arg","locations":[{"start":{"line":15,"column":9},"end":{"line":15,"column":18}}],"line":15},"1":{"loc":{"start":{"line":24,"column":8},"end":{"line":24,"column":55}},"type":"cond-expr","locations":[{"start":{"line":24,"column":29},"end":{"line":24,"column":43}},{"start":{"line":24,"column":46},"end":{"line":24,"column":55}}],"line":24},"2":{"loc":{"start":{"line":25,"column":8},"end":{"line":25,"column":51}},"type":"cond-expr","locations":[{"start":{"line":25,"column":27},"end":{"line":25,"column":39}},{"start":{"line":25,"column":42},"end":{"line":25,"column":51}}],"line":25},"3":{"loc":{"start":{"line":26,"column":8},"end":{"line":26,"column":71}},"type":"cond-expr","locations":[{"start":{"line":26,"column":37},"end":{"line":26,"column":59}},{"start":{"line":26,"column":62},"end":{"line":26,"column":71}}],"line":26},"4":{"loc":{"start":{"line":27,"column":8},"end":{"line":27,"column":57}},"type":"cond-expr","locations":[{"start":{"line":27,"column":30},"end":{"line":27,"column":45}},{"start":{"line":27,"column":48},"end":{"line":27,"column":57}}],"line":27},"5":{"loc":{"start":{"line":28,"column":8},"end":{"line":28,"column":49}},"type":"cond-expr","locations":[{"start":{"line":28,"column":26},"end":{"line":28,"column":37}},{"start":{"line":28,"column":40},"end":{"line":28,"column":49}}],"line":28}},"s":{"0":1,"1":1,"2":1},"f":{"0":1},"b":{"0":[1],"1":[1,0],"2":[0,1],"3":[0,1],"4":[0,1],"5":[0,1]},"_coverageSchema":"1a1c01bbd47fc00a2c39e90264f33305004495a9","hash":"00f99d13702921fd10e3c51f09cf23b4d9d91cd5"}
,"/Users/venkatanarayananv/Movies/poc/interview/rakbank/constants/Colors.ts": {"path":"/Users/venkatanarayananv/Movies/poc/interview/rakbank/constants/Colors.ts","statementMap":{"0":{"start":{"line":6,"column":23},"end":{"line":6,"column":32}},"1":{"start":{"line":7,"column":22},"end":{"line":7,"column":28}},"2":{"start":{"line":9,"column":22},"end":{"line":26,"column":1}}},"fnMap":{},"branchMap":{},"s":{"0":1,"1":1,"2":1},"f":{},"b":{},"_coverageSchema":"1a1c01bbd47fc00a2c39e90264f33305004495a9","hash":"6c253f07179a8d9fb4c5ad18bda3e31f5d55c426"}
,"/Users/venkatanarayananv/Movies/poc/interview/rakbank/hooks/useColorScheme.ts": {"path":"/Users/venkatanarayananv/Movies/poc/interview/rakbank/hooks/useColorScheme.ts","statementMap":{},"fnMap":{},"branchMap":{},"s":{},"f":{},"b":{},"_coverageSchema":"1a1c01bbd47fc00a2c39e90264f33305004495a9","hash":"a7e20d9b43f2096c5d706540755db0d43bd7218c"}
,"/Users/venkatanarayananv/Movies/poc/interview/rakbank/hooks/useThemeColor.ts": {"path":"/Users/venkatanarayananv/Movies/poc/interview/rakbank/hooks/useThemeColor.ts","statementMap":{"0":{"start":{"line":13,"column":16},"end":{"line":13,"column":43}},"1":{"start":{"line":14,"column":25},"end":{"line":14,"column":37}},"2":{"start":{"line":16,"column":2},"end":{"line":20,"column":3}},"3":{"start":{"line":17,"column":4},"end":{"line":17,"column":26}},"4":{"start":{"line":19,"column":4},"end":{"line":19,"column":36}}},"fnMap":{"0":{"name":"useThemeColor","decl":{"start":{"line":9,"column":16},"end":{"line":9,"column":29}},"loc":{"start":{"line":12,"column":2},"end":{"line":21,"column":1}},"line":12}},"branchMap":{"0":{"loc":{"start":{"line":13,"column":16},"end":{"line":13,"column":43}},"type":"binary-expr","locations":[{"start":{"line":13,"column":16},"end":{"line":13,"column":32}},{"start":{"line":13,"column":36},"end":{"line":13,"column":43}}],"line":13},"1":{"loc":{"start":{"line":16,"column":2},"end":{"line":20,"column":3}},"type":"if","locations":[{"start":{"line":16,"column":2},"end":{"line":20,"column":3}},{"start":{"line":18,"column":9},"end":{"line":20,"column":3}}],"line":16}},"s":{"0":1,"1":1,"2":1,"3":0,"4":1},"f":{"0":1},"b":{"0":[1,0],"1":[0,1]},"_coverageSchema":"1a1c01bbd47fc00a2c39e90264f33305004495a9","hash":"55b8f468c4f48c9ce7207cc97c2e2917da5c4ec8"}
}
